2023-03-16 17:38:14,507 - pyswarms.single.global_best - INFO - Optimize for 200 iters with {'c1': 0.5, 'c2': 0.3, 'w': 0.9}
2023-03-16 17:38:14,599 - pyswarms.single.global_best - INFO - Optimization finished | best cost: 1.7129936266592575e-11, best pos: [-3.52332486e-06  2.17166254e-06]
2023-03-16 17:38:37,588 - pyswarms.single.global_best - INFO - Optimize for 50 iters with {'c1': 0.5, 'c2': 0.3, 'w': 0.9}
2023-03-16 17:38:37,602 - pyswarms.single.global_best - INFO - Optimization finished | best cost: 2.9792411512056475e-05, best pos: [0.00537599 0.00094399]
2023-03-16 17:38:39,519 - matplotlib.animation - WARNING - MovieWriter imagemagick unavailable; using Pillow instead.
2023-03-16 17:38:39,519 - matplotlib.animation - INFO - Animation.save using <class 'matplotlib.animation.PillowWriter'>
2023-03-16 17:40:30,344 - pyswarms.single.global_best - INFO - Optimize for 50 iters with {'c1': 0.5, 'c2': 0.3, 'w': 0.9}
2023-03-16 17:40:30,360 - pyswarms.single.global_best - INFO - Optimization finished | best cost: 0.00012881079160595704, best pos: [ 0.00440908 -0.01045805]
2023-03-16 17:40:32,315 - matplotlib.animation - WARNING - MovieWriter imagemagick unavailable; using Pillow instead.
2023-03-16 17:40:32,316 - matplotlib.animation - INFO - Animation.save using <class 'matplotlib.animation.PillowWriter'>
2023-03-16 17:41:11,341 - pyswarms.single.global_best - INFO - Optimize for 50 iters with {'c1': 0.5, 'c2': 0.3, 'w': 0.9}
2023-03-16 17:41:11,354 - pyswarms.single.global_best - INFO - Optimization finished | best cost: 0.0009280973367148716, best pos: [-0.01497942 -0.02652762]
2023-03-16 17:41:13,238 - matplotlib.animation - WARNING - MovieWriter imagemagick unavailable; using Pillow instead.
2023-03-16 17:41:13,239 - matplotlib.animation - INFO - Animation.save using <class 'matplotlib.animation.PillowWriter'>
2023-03-16 17:41:38,239 - pyswarms.single.global_best - INFO - Optimize for 50 iters with {'c1': 0.5, 'c2': 0.3, 'w': 0.9}
2023-03-16 17:41:38,256 - pyswarms.single.global_best - INFO - Optimization finished | best cost: 0.0013217792654571284, best pos: [-0.02156182 -0.02470568  0.00941596 -0.01240941 -0.00196037]
2023-03-16 17:41:40,123 - matplotlib.animation - WARNING - MovieWriter imagemagick unavailable; using Pillow instead.
2023-03-16 17:41:40,123 - matplotlib.animation - INFO - Animation.save using <class 'matplotlib.animation.PillowWriter'>
2023-03-16 17:42:32,221 - pyswarms.single.global_best - INFO - Optimize for 50 iters with {'c1': 0.5, 'c2': 0.3, 'w': 0.9}
2023-03-16 17:42:32,235 - pyswarms.single.global_best - INFO - Optimization finished | best cost: 0.0002403862827983874, best pos: [-0.00896557  0.0126493 ]
2023-03-16 17:42:34,093 - matplotlib.animation - WARNING - MovieWriter imagemagick unavailable; using Pillow instead.
2023-03-16 17:42:34,093 - matplotlib.animation - INFO - Animation.save using <class 'matplotlib.animation.PillowWriter'>
2023-03-16 17:42:48,120 - pyswarms.single.global_best - INFO - Optimize for 50 iters with {'c1': 0.5, 'c2': 0.3, 'w': 0.9}
2023-03-16 17:42:48,135 - pyswarms.single.global_best - INFO - Optimization finished | best cost: 1.548061932423051e-06, best pos: [0.00124421]
2023-03-16 17:42:50,005 - matplotlib.animation - WARNING - MovieWriter imagemagick unavailable; using Pillow instead.
2023-03-16 17:42:50,005 - matplotlib.animation - INFO - Animation.save using <class 'matplotlib.animation.PillowWriter'>
2023-03-16 17:43:09,662 - pyswarms.single.global_best - INFO - Optimize for 50 iters with {'c1': 0.5, 'c2': 0.3, 'w': 0.9}
2023-03-16 17:43:09,676 - pyswarms.single.global_best - INFO - Optimization finished | best cost: 0.000400916294527362, best pos: [-0.01194774 -0.01069307  0.01199275]
2023-03-16 17:43:11,465 - matplotlib.animation - WARNING - MovieWriter imagemagick unavailable; using Pillow instead.
2023-03-16 17:43:11,465 - matplotlib.animation - INFO - Animation.save using <class 'matplotlib.animation.PillowWriter'>
2023-03-16 17:43:51,844 - pyswarms.single.global_best - INFO - Optimize for 10 iters with {'c1': 0.5, 'c2': 0.3, 'w': 0.9}
2023-03-16 17:43:51,849 - pyswarms.single.global_best - INFO - Optimization finished | best cost: 0.003087518894347225, best pos: [-0.05187119 -0.01992232]
2023-03-16 17:43:53,886 - matplotlib.animation - WARNING - MovieWriter imagemagick unavailable; using Pillow instead.
2023-03-16 17:43:53,887 - matplotlib.animation - INFO - Animation.save using <class 'matplotlib.animation.PillowWriter'>
2023-03-16 17:44:18,003 - pyswarms.single.global_best - INFO - Optimize for 70 iters with {'c1': 0.5, 'c2': 0.3, 'w': 0.9}
2023-03-16 17:44:18,025 - pyswarms.single.global_best - INFO - Optimization finished | best cost: 4.051816456045477e-07, best pos: [-0.00012738  0.00062366]
2023-03-16 17:44:19,834 - matplotlib.animation - WARNING - MovieWriter imagemagick unavailable; using Pillow instead.
2023-03-16 17:44:19,834 - matplotlib.animation - INFO - Animation.save using <class 'matplotlib.animation.PillowWriter'>
2023-03-16 17:45:24,919 - pyswarms.single.global_best - INFO - Optimize for 50 iters with {'c1': 0.2, 'c2': 0.3, 'w': 0.9}
2023-03-16 17:45:24,932 - pyswarms.single.global_best - INFO - Optimization finished | best cost: 5.1991829243137736e-05, best pos: [ 0.00720724 -0.00021799]
2023-03-16 17:45:26,755 - matplotlib.animation - WARNING - MovieWriter imagemagick unavailable; using Pillow instead.
2023-03-16 17:45:26,756 - matplotlib.animation - INFO - Animation.save using <class 'matplotlib.animation.PillowWriter'>
2023-03-16 17:45:47,023 - pyswarms.single.global_best - INFO - Optimize for 50 iters with {'c1': 0.5, 'c2': 0.3, 'w': 0.9}
2023-03-16 17:45:47,037 - pyswarms.single.global_best - INFO - Optimization finished | best cost: 2.1676539867469402e-07, best pos: [0.00027362 0.0003767 ]
2023-03-16 17:45:49,130 - matplotlib.animation - WARNING - MovieWriter imagemagick unavailable; using Pillow instead.
2023-03-16 17:45:49,130 - matplotlib.animation - INFO - Animation.save using <class 'matplotlib.animation.PillowWriter'>
2023-03-16 17:46:32,011 - pyswarms.single.global_best - INFO - Optimize for 50 iters with {'c1': 0.5, 'c2': 0.3, 'w': 0.5}
2023-03-16 17:46:32,024 - pyswarms.single.global_best - INFO - Optimization finished | best cost: 0.07594276959907087, best pos: [0.23045377 0.15110867]
2023-03-16 17:46:33,920 - matplotlib.animation - WARNING - MovieWriter imagemagick unavailable; using Pillow instead.
2023-03-16 17:46:33,920 - matplotlib.animation - INFO - Animation.save using <class 'matplotlib.animation.PillowWriter'>
2023-03-16 17:46:53,385 - pyswarms.single.global_best - INFO - Optimize for 50 iters with {'c1': 0.5, 'c2': 0.3, 'w': 0.9}
2023-03-16 17:46:53,398 - pyswarms.single.global_best - INFO - Optimization finished | best cost: 8.968342267873373e-06, best pos: [-0.00298724 -0.00021158]
2023-03-16 17:46:55,207 - matplotlib.animation - WARNING - MovieWriter imagemagick unavailable; using Pillow instead.
2023-03-16 17:46:55,207 - matplotlib.animation - INFO - Animation.save using <class 'matplotlib.animation.PillowWriter'>
2023-03-21 11:23:57,700 - pyswarms.single.global_best - INFO - Optimize for 200 iters with {'c1': 0.5, 'c2': 0.3, 'w': 0.9}
2023-03-21 11:23:57,797 - pyswarms.single.global_best - INFO - Optimization finished | best cost: 1.0379351633097953e-11, best pos: [-3.72027258e-08  3.22148531e-06]
2023-03-21 11:27:48,151 - pyswarms.single.global_best - INFO - Optimize for 1000 iters with {'c1': 0.5, 'c2': 0.3, 'w': 0.9}
2023-03-21 11:27:48,493 - pyswarms.single.global_best - INFO - Optimization finished | best cost: 1.1726283618014119e-42, best pos: [ 6.58991361e-22 -8.59278038e-22]
2023-03-21 11:28:55,892 - pyswarms.single.global_best - INFO - Optimize for 1000 iters with {'c1': 0.5, 'c2': 0.3, 'w': 0.9}
2023-03-21 11:28:56,229 - pyswarms.single.global_best - INFO - Optimization finished | best cost: 6.871703598774041e-41, best pos: [8.26393636e-21 6.51453612e-22]
2023-03-21 11:29:03,758 - pyswarms.single.global_best - INFO - Optimize for 1000 iters with {'c1': 0.5, 'c2': 0.3, 'w': 0.9}
2023-03-21 11:29:04,010 - pyswarms.single.global_best - INFO - Optimization finished | best cost: 6.772743366228038e-44, best pos: [-2.48376147e-22  7.76963534e-23]
2023-03-21 11:31:05,923 - pyswarms.single.global_best - INFO - Optimize for 1000 iters with {'c1': 0.5, 'c2': 0.3, 'w': 0.9}
2023-03-21 11:31:39,665 - pyswarms.single.global_best - INFO - Optimize for 1000 iters with {'c1': 0.5, 'c2': 0.3, 'w': 0.9}
2023-03-21 11:33:07,601 - pyswarms.single.global_best - INFO - Optimize for 1000 iters with {'c1': 0.5, 'c2': 0.3, 'w': 0.9}
2023-03-21 11:33:07,958 - pyswarms.single.global_best - INFO - Optimization finished | best cost: 3.391587578034679e-45, best pos: [ 2.41495125e-23 -5.29942320e-23]
2023-03-21 11:34:23,234 - pyswarms.single.global_best - INFO - Optimize for 1000 iters with {'c1': 0.5, 'c2': 0.3, 'w': 0.9}
2023-03-21 11:34:23,517 - pyswarms.single.global_best - INFO - Optimization finished | best cost: 3.0042532907160593e-44, best pos: [-6.35784220e-23  1.61246138e-22]
2023-03-21 11:37:38,999 - pyswarms.single.global_best - INFO - Optimize for 1000 iters with {'c1': 0.5, 'c2': 0.3, 'w': 0.9}
2023-03-21 11:37:39,480 - pyswarms.single.global_best - INFO - Optimization finished | best cost: 2.0113981061557675, best pos: [1.00053202 1.00515362]
2023-03-21 12:09:36,506 - pyswarms.single.global_best - INFO - Optimize for 200 iters with {'c1': 0.3, 'c2': 0.5, 'w': 0.9}
2023-03-21 12:09:36,632 - pyswarms.single.global_best - INFO - Optimization finished | best cost: 4.619079452573093e-13, best pos: [ 6.06331782e-07 -3.07033737e-07]
2023-03-21 12:09:42,934 - pyswarms.single.global_best - INFO - Optimize for 200 iters with {'c1': 0.3, 'c2': 0.5, 'w': 0.9}
2023-03-21 12:09:43,023 - pyswarms.single.global_best - INFO - Optimization finished | best cost: 1.5792676677875038e-10, best pos: [-2.86984521e-06  1.22348173e-05]
2023-03-21 12:12:30,481 - pyswarms.single.global_best - INFO - Optimize for 50 iters with {'c1': 0.5, 'c2': 0.3, 'w': 0.9}
2023-03-21 12:12:30,492 - pyswarms.single.global_best - INFO - Optimization finished | best cost: 3.0366449820260155e-05, best pos: [ 0.00209688 -0.00509603]
2023-03-21 12:12:32,353 - matplotlib.animation - WARNING - MovieWriter imagemagick unavailable; using Pillow instead.
2023-03-21 12:12:32,354 - matplotlib.animation - INFO - Animation.save using <class 'matplotlib.animation.PillowWriter'>
2023-03-21 12:13:07,790 - pyswarms.single.global_best - INFO - Optimize for 50 iters with {'c1': 0.5, 'c2': 0.3, 'w': 0.5}
2023-03-21 12:13:07,803 - pyswarms.single.global_best - INFO - Optimization finished | best cost: 7.108474661718836e-08, best pos: [-2.53529878e-04 -8.25066506e-05]
2023-03-21 12:13:09,724 - matplotlib.animation - WARNING - MovieWriter imagemagick unavailable; using Pillow instead.
2023-03-21 12:13:09,724 - matplotlib.animation - INFO - Animation.save using <class 'matplotlib.animation.PillowWriter'>
2023-03-21 12:13:31,784 - pyswarms.single.global_best - INFO - Optimize for 50 iters with {'c1': 0.5, 'c2': 0.3, 'w': 0.7}
2023-03-21 12:13:31,799 - pyswarms.single.global_best - INFO - Optimization finished | best cost: 1.6146010347887227e-10, best pos: [-1.11244008e-05 -6.14066862e-06]
2023-03-21 12:13:33,622 - matplotlib.animation - WARNING - MovieWriter imagemagick unavailable; using Pillow instead.
2023-03-21 12:13:33,623 - matplotlib.animation - INFO - Animation.save using <class 'matplotlib.animation.PillowWriter'>
2023-03-21 12:14:03,695 - pyswarms.single.global_best - INFO - Optimize for 50 iters with {'c1': 0.5, 'c2': 0.3, 'w': 0.8}
2023-03-21 12:14:03,709 - pyswarms.single.global_best - INFO - Optimization finished | best cost: 4.008946102648358e-08, best pos: [-0.00014683 -0.00013612]
2023-03-21 12:14:05,558 - matplotlib.animation - WARNING - MovieWriter imagemagick unavailable; using Pillow instead.
2023-03-21 12:14:05,558 - matplotlib.animation - INFO - Animation.save using <class 'matplotlib.animation.PillowWriter'>
2023-03-21 12:14:40,170 - pyswarms.single.global_best - INFO - Optimize for 50 iters with {'c1': 0.9, 'c2': 0.3, 'w': 0.8}
2023-03-21 12:14:40,182 - pyswarms.single.global_best - INFO - Optimization finished | best cost: 1.0471149702248938e-06, best pos: [0.00099437 0.00024153]
2023-03-21 12:14:42,177 - matplotlib.animation - WARNING - MovieWriter imagemagick unavailable; using Pillow instead.
2023-03-21 12:14:42,177 - matplotlib.animation - INFO - Animation.save using <class 'matplotlib.animation.PillowWriter'>
2023-03-21 12:15:20,675 - pyswarms.single.global_best - INFO - Optimize for 50 iters with {'c1': 0.5, 'c2': 0.8, 'w': 0.8}
2023-03-21 12:15:20,687 - pyswarms.single.global_best - INFO - Optimization finished | best cost: 2.730948636156363e-07, best pos: [-0.00050781 -0.00012336]
2023-03-21 12:15:22,592 - matplotlib.animation - WARNING - MovieWriter imagemagick unavailable; using Pillow instead.
2023-03-21 12:15:22,592 - matplotlib.animation - INFO - Animation.save using <class 'matplotlib.animation.PillowWriter'>
2023-03-21 12:15:49,875 - pyswarms.single.global_best - INFO - Optimize for 50 iters with {'c1': 0.5, 'c2': 0.3, 'w': 0.8}
2023-03-21 12:15:49,889 - pyswarms.single.global_best - INFO - Optimization finished | best cost: 8.50859706452244e-08, best pos: [-2.95592657e-05 -2.90193419e-04]
2023-03-21 12:15:51,883 - matplotlib.animation - WARNING - MovieWriter imagemagick unavailable; using Pillow instead.
2023-03-21 12:15:51,883 - matplotlib.animation - INFO - Animation.save using <class 'matplotlib.animation.PillowWriter'>
2023-03-21 12:19:07,322 - pyswarms.single.global_best - INFO - Optimize for 200 iters with {'c1': 0.3, 'c2': 0.5, 'w': 0.9}
2023-03-21 12:27:59,310 - pyswarms.single.global_best - INFO - Optimize for 200 iters with {'c1': 0.3, 'c2': 0.5, 'w': 0.9}
2023-03-21 12:27:59,440 - pyswarms.single.global_best - INFO - Optimization finished | best cost: 2.0466808075158127, best pos: [1.0010721  1.02202518]
2023-03-21 12:30:16,935 - pyswarms.single.global_best - INFO - Optimize for 200 iters with {'c1': 0.3, 'c2': 0.5, 'w': 0.9}
2023-03-21 12:30:42,061 - pyswarms.single.global_best - INFO - Optimize for 200 iters with {'c1': 0.3, 'c2': 0.5, 'w': 0.9}
2023-03-21 12:38:21,247 - pyswarms.single.global_best - INFO - Optimize for 200 iters with {'c1': 0.3, 'c2': 0.5, 'w': 0.9}
2023-03-21 12:38:57,229 - pyswarms.backend.generators - ERROR - Bounds and/or init_pos should be of size (1,)
Traceback (most recent call last):
  File "/home/jan/.local/lib/python3.10/site-packages/pyswarms/backend/generators.py", line 81, in generate_swarm
    pos = center * np.random.uniform(
  File "mtrand.pyx", line 1154, in numpy.random.mtrand.RandomState.uniform
  File "_common.pyx", line 600, in numpy.random._common.cont
  File "_common.pyx", line 518, in numpy.random._common.cont_broadcast_2
  File "_common.pyx", line 245, in numpy.random._common.validate_output_shape
ValueError: Output size (10, 1) is not compatible with broadcast dimensions of inputs (10, 2).
2023-03-21 13:48:02,133 - pyswarms.single.global_best - INFO - Optimize for 200 iters with {'c1': 0.3, 'c2': 0.5, 'w': 0.9}
2023-03-21 13:48:57,982 - pyswarms.single.global_best - INFO - Optimize for 200 iters with {'c1': 0.3, 'c2': 0.5, 'w': 0.9}
2023-03-21 13:49:39,101 - pyswarms.backend.generators - ERROR - Bounds and/or init_pos should be of size (2,)
Traceback (most recent call last):
  File "/home/jan/.local/lib/python3.10/site-packages/pyswarms/backend/generators.py", line 81, in generate_swarm
    pos = center * np.random.uniform(
  File "mtrand.pyx", line 1154, in numpy.random.mtrand.RandomState.uniform
  File "_common.pyx", line 600, in numpy.random._common.cont
  File "_common.pyx", line 517, in numpy.random._common.cont_broadcast_2
  File "__init__.pxd", line 741, in numpy.PyArray_MultiIterNew3
ValueError: shape mismatch: objects cannot be broadcast to a single shape.  Mismatch is between arg 0 with shape (10, 2) and arg 1 with shape (10, 6).
2023-03-21 13:50:05,986 - pyswarms.single.global_best - INFO - Optimize for 1000 iters with {'c1': 0.3, 'c2': 0.5, 'w': 0.9}
2023-03-21 13:50:06,481 - pyswarms.single.global_best - INFO - Optimization finished | best cost: 1.0016428574458633, best pos: [0.04564771 0.99165985 0.05393414 0.58111442 0.91428644 0.69772562]
2023-03-21 13:51:06,632 - pyswarms.single.global_best - INFO - Optimize for 1000 iters with {'c1': 0.3, 'c2': 0.5, 'w': 0.9}
2023-03-21 13:51:07,116 - pyswarms.single.global_best - INFO - Optimization finished | best cost: -2.792559650142558, best pos: [0.61248065 0.62090113 0.96293619 0.98385112 0.52731649 0.33007304]
2023-03-21 13:52:15,374 - pyswarms.single.global_best - INFO - Optimize for 1000 iters with {'c1': 0.3, 'c2': 0.5, 'w': 0.9}
2023-03-21 13:52:15,916 - pyswarms.single.global_best - INFO - Optimization finished | best cost: -2.820940224503519, best pos: [0.44846489 0.47166049 0.99480928 0.98665224 0.28637302 0.42832043]
2023-03-21 18:19:18,799 - pyswarms.single.global_best - INFO - Optimize for 1000 iters with {'c1': 0.3, 'c2': 0.5, 'w': 0.9}
2023-03-21 18:19:20,469 - pyswarms.single.global_best - INFO - Optimization finished | best cost: -2.807791346523891, best pos: [0.64059076 0.5765542  0.96658264 0.99067346 0.31032401 0.43533817]
2023-03-22 12:26:09,629 - pyswarms.single.global_best - INFO - Optimize for 1000 iters with {'c1': 0.3, 'c2': 0.5, 'w': 0.9}
2023-03-22 12:26:11,276 - pyswarms.single.global_best - INFO - Optimization finished | best cost: -2.806393804938142, best pos: [0.95480126 0.73466435 0.99416956 0.97135668 0.14916065 0.50555294]
